<?xml version="1.0" encoding="UTF-8"?>
<testsuite name="tetris_game.model.forms.JTest" tests="4" skipped="0" failures="0" errors="0" timestamp="2022-12-17T22:38:13" hostname="Air-de-David.home" time="0.003">
  <properties/>
  <testcase name="JRightTest()" classname="tetris_game.model.forms.JTest" time="0.001"/>
  <testcase name="JUpTest()" classname="tetris_game.model.forms.JTest" time="0.0"/>
  <testcase name="JDownTest()" classname="tetris_game.model.forms.JTest" time="0.001"/>
  <testcase name="JLeftTest()" classname="tetris_game.model.forms.JTest" time="0.0"/>
  <system-out><![CDATA[]]></system-out>
  <system-err><![CDATA[]]></system-err>
</testsuite>
