<?xml version="1.0" encoding="UTF-8"?>
<testsuite name="com.aor.tetris.GameTest" tests="1" skipped="0" failures="0" errors="0" timestamp="2022-11-25T16:38:37" hostname="MacBook-Pro-de-Nuno-4.local" time="2.261">
  <properties/>
  <testcase name="GetInstanceTest()" classname="com.aor.tetris.GameTest" time="2.261"/>
  <system-out><![CDATA[]]></system-out>
  <system-err><![CDATA[Warning: the fonts "Times" and "Times" are not available for the Java logical font "Serif", which may have unexpected appearance or behavior. Re-enable the "Times" font to remove this warning.
Warning: the fonts "Times" and "Times" are not available for the Java logical font "Serif", which may have unexpected appearance or behavior. Re-enable the "Times" font to remove this warning.
]]></system-err>
</testsuite>
