<?xml version="1.0" encoding="UTF-8"?>
<testsuite name="com.aor.tetris.controller.model.PositionTest" tests="2" skipped="0" failures="0" errors="0" timestamp="2022-11-25T16:38:39" hostname="MacBook-Pro-de-Nuno-4.local" time="0.002">
  <properties/>
  <testcase name="getX()" classname="com.aor.tetris.controller.model.PositionTest" time="0.001"/>
  <testcase name="getY()" classname="com.aor.tetris.controller.model.PositionTest" time="0.001"/>
  <system-out><![CDATA[]]></system-out>
  <system-err><![CDATA[]]></system-err>
</testsuite>
