<?xml version="1.0" encoding="UTF-8"?>
<testsuite name="tetris_game.model.forms.LTest" tests="4" skipped="0" failures="0" errors="0" timestamp="2022-12-20T15:25:23" hostname="Air-de-David.home" time="0.004">
  <properties/>
  <testcase name="LRightTest()" classname="tetris_game.model.forms.LTest" time="0.001"/>
  <testcase name="LUpTest()" classname="tetris_game.model.forms.LTest" time="0.0"/>
  <testcase name="LDownTest()" classname="tetris_game.model.forms.LTest" time="0.0"/>
  <testcase name="LLeftTest()" classname="tetris_game.model.forms.LTest" time="0.001"/>
  <system-out><![CDATA[]]></system-out>
  <system-err><![CDATA[]]></system-err>
</testsuite>
