<?xml version="1.0" encoding="UTF-8"?>
<testsuite name="tetris_game.model.forms.OTest" tests="4" skipped="0" failures="0" errors="0" timestamp="2022-12-17T22:38:13" hostname="Air-de-David.home" time="0.003">
  <properties/>
  <testcase name="OUpTest()" classname="tetris_game.model.forms.OTest" time="0.001"/>
  <testcase name="ODownTest()" classname="tetris_game.model.forms.OTest" time="0.0"/>
  <testcase name="OLeftTest()" classname="tetris_game.model.forms.OTest" time="0.0"/>
  <testcase name="ORightTest()" classname="tetris_game.model.forms.OTest" time="0.001"/>
  <system-out><![CDATA[]]></system-out>
  <system-err><![CDATA[]]></system-err>
</testsuite>
