<?xml version="1.0" encoding="UTF-8"?>
<testsuite name="com.aor.tetris.viewer.EndGameViewerTest" tests="2" skipped="0" failures="0" errors="0" timestamp="2022-11-25T14:20:54" hostname="MacBook-Pro-de-Nuno-4.local" time="0.043">
  <properties/>
  <testcase name="drawTest()" classname="com.aor.tetris.viewer.EndGameViewerTest" time="0.035"/>
  <testcase name="drawElementsTest()" classname="com.aor.tetris.viewer.EndGameViewerTest" time="0.007"/>
  <system-out><![CDATA[]]></system-out>
  <system-err><![CDATA[]]></system-err>
</testsuite>
