<?xml version="1.0" encoding="UTF-8"?>
<testsuite name="tetris_game.model.forms.FormsTest" tests="10" skipped="0" failures="0" errors="0" timestamp="2022-12-21T12:19:27" hostname="Air-de-David.home" time="0.022">
  <properties/>
  <testcase name="GetCentralPositionTest()" classname="tetris_game.model.forms.FormsTest" time="0.002"/>
  <testcase name="SetColorTest()" classname="tetris_game.model.forms.FormsTest" time="0.001"/>
  <testcase name="FormsTest()" classname="tetris_game.model.forms.FormsTest" time="0.001"/>
  <testcase name="SetDirectionTest()" classname="tetris_game.model.forms.FormsTest" time="0.001"/>
  <testcase name="moveRightTest()" classname="tetris_game.model.forms.FormsTest" time="0.001"/>
  <testcase name="SetCentralPositionTest()" classname="tetris_game.model.forms.FormsTest" time="0.004"/>
  <testcase name="moveDownTest()" classname="tetris_game.model.forms.FormsTest" time="0.0"/>
  <testcase name="moveLeftTest()" classname="tetris_game.model.forms.FormsTest" time="0.0"/>
  <testcase name="GetDirectionTest()" classname="tetris_game.model.forms.FormsTest" time="0.002"/>
  <testcase name="GetColorTest()" classname="tetris_game.model.forms.FormsTest" time="0.0"/>
  <system-out><![CDATA[]]></system-out>
  <system-err><![CDATA[]]></system-err>
</testsuite>
