<?xml version="1.0" encoding="UTF-8"?>
<testsuite name="tetris_game.model.ZTest" tests="4" skipped="0" failures="0" errors="0" timestamp="2022-12-12T16:40:54" hostname="Air-de-David.home" time="0.013">
  <properties/>
  <testcase name="ZLeftTest()" classname="tetris_game.model.ZTest" time="0.003"/>
  <testcase name="ZRightTest()" classname="tetris_game.model.ZTest" time="0.001"/>
  <testcase name="ZUpTest()" classname="tetris_game.model.ZTest" time="0.0"/>
  <testcase name="ZDownTest()" classname="tetris_game.model.ZTest" time="0.007"/>
  <system-out><![CDATA[]]></system-out>
  <system-err><![CDATA[]]></system-err>
</testsuite>
